Arguments: 
  C:\Program Files\nodejs\node.exe C:\Program Files (x86)\Yarn\bin\yarn.js add @vue/component-compiler-utils -D

PATH: 
  D:\Software\cmder\bin;D:\Software\cmder\vendor\bin;C:\Program Files\Java\jdk1.8.0_231\bin;C:\Program Files (x86)\Common Files\Oracle\Java\javapath;C:\Program Files (x86)\Common Files\Intel\Shared Libraries\redist\intel64\compiler;C:\Program Files (x86)\Intel\Intel(R) Management Engine Components\iCLS\;C:\Program Files\Intel\Intel(R) Management Engine Components\iCLS\;C:\Windows\system32;C:\Windows;C:\Windows\System32\Wbem;C:\Windows\System32\WindowsPowerShell\v1.0\;C:\Windows\System32\OpenSSH\;C:\Program Files (x86)\NVIDIA Corporation\PhysX\Common;C:\Program Files (x86)\Intel\Intel(R) Management Engine Components\DAL;C:\Program Files\Intel\Intel(R) Management Engine Components\DAL;C:\Program Files (x86)\Intel\Intel(R) Management Engine Components\IPT;C:\Program Files\Intel\Intel(R) Management Engine Components\IPT;C:\Program Files\nodejs\;C:\Program Files (x86)\Yarn\bin\;C:\Program Files\Intel\WiFi\bin\;C:\Program Files\Common Files\Intel\WirelessCommon\;C:\WINDOWS\system32;C:\WINDOWS;C:\WINDOWS\System32\Wbem;C:\WINDOWS\System32\WindowsPowerShell\v1.0\;C:\WINDOWS\System32\OpenSSH\;D:\Git\cmd;D:\Software\hugo\;D:\python\Scripts\;D:\python\;C:\Users\DELL\AppData\Local\Microsoft\WindowsApps;C:\Users\DELL\AppData\Roaming\npm;C:\Users\DELL\AppData\Local\Yarn\bin;F:\工作有用\软件\Microsoft VS Code\bin;C:\Program Files\Java\apache-maven-3.6.3-bin\apache-maven-3.6.3\bin\;D:\Program Files\JetBrains\WebStorm 2019.2.4\bin;C:\Program Files\JetBrains\IntelliJ IDEA 2018.3.6\bin;D:\Software\flutter\flutter\bin;D:\Software\cmder\;D:\Software\cmder\vendor\git-for-windows\cmd;C:\WINDOWS\System32\Wbem;D:\Git\mingw64\bin;D:\Git\usr\bin;D:\Software\cmder;D:\Software\cmder\vendor\git-for-windows\mingw64\bin;D:\Software\cmder\vendor\git-for-windows\usr\bin

Yarn version: 
  1.14.0

Node version: 
  10.14.1

Platform: 
  win32 x64

Trace: 
  Error: EPERM: operation not permitted, unlink 'C:\Users\DELL\Desktop\study\lz-demo\node_modules\deasync\bin\win32-x64-node-10\deasync.node'

npm manifest: 
  {
    "name": "lz",
    "version": "0.0.1",
    "description": "UI 框架",
    "main": "index.js",
    "scripts": {
      "test": "echo \"Error: no test specified\" && exit 1"
    },
    "repository": {
      "type": "git",
      "url": "git+https://github.com/sunkuangdong/lz-demo.git"
    },
    "keywords": [
      "vue",
      "ui"
    ],
    "author": "sunkuangdong",
    "license": "MIT",
    "bugs": {
      "url": "https://github.com/sunkuangdong/lz-demo/issues"
    },
    "homepage": "https://github.com/sunkuangdong/lz-demo#readme",
    "dependencies": {
      "sass": "^1.26.7",
      "vue": "^2.6.11",
      "vue-hot-reload-api": "^2.3.4",
      "vue-template-compiler": "^2.6.11"
    },
    "devDependencies": {
      "parcel-bundler": "^1.12.4"
    },
    "alias": {
      "vue": "./node_modules/vue/dist/vue.common.js"
    }
  }

yarn manifest: 
  No manifest

Lockfile: 
  # THIS IS AN AUTOGENERATED FILE. DO NOT EDIT THIS FILE DIRECTLY.
  # yarn lockfile v1
  
  
  vue@^2.6.11:
    version "2.6.11"
    resolved "https://registry.npm.taobao.org/vue/download/vue-2.6.11.tgz?cache=0&sync_timestamp=1589827530067&other_urls=https%3A%2F%2Fregistry.npm.taobao.org%2Fvue%2Fdownload%2Fvue-2.6.11.tgz#76594d877d4b12234406e84e35275c6d514125c5"
    integrity sha1-dllNh31LEiNEBuhONSdcbVFBJcU=
